<?xml version="1.0" encoding="UTF-8"?>
<!-- Generated by org.testng.reporters.JUnitReportReporter -->
<testsuite hostname="NTBK5" failures="0" tests="1" name="TestRunner.RunnerTest" time="0.008" errors="0" timestamp="2020-11-12T13:05:27 CLST" skipped="0">
  <testcase classname="TestRunner.RunnerTest" name="f" time="0.008"/>
  <system-out/>
</testsuite> <!-- TestRunner.RunnerTest -->
